<?xml version="1.0" encoding="UTF-8"?>
<!-- Generated by org.testng.reporters.JUnitXMLReporter -->
<testsuite ignored="2" hostname="LAPTOP-JVTF571D" failures="0" tests="1" name="Test" time="0.126" errors="0" timestamp="2023-03-31T17:53:50 IST">
  <testcase classname="com.saikumar.testng.CarLoan" name="APILoginCarLoan" time="0.02"/>
  <testcase classname="com.saikumar.testng.CarLoan" name="WebLoginCarLoan" time="0.0">
    <ignored/>
  </testcase> <!-- WebLoginCarLoan -->
  <testcase classname="com.saikumar.testng.CarLoan" name="MobileLoginCarLoan" time="0.0">
    <ignored/>
  </testcase> <!-- MobileLoginCarLoan -->
</testsuite> <!-- Test -->
