<?xml version="1.0" encoding="UTF-8"?>
<testng-results ignored="2" total="3" passed="1" failed="0" skipped="0">
  <reporter-output>
  </reporter-output>
  <suite started-at="2023-03-31T17:53:50 IST" name="Suite" finished-at="2023-03-31T17:53:50 IST" duration-ms="126">
    <groups>
      <group name="SmokeTest">
        <method signature="CarLoan.APILoginCarLoan()[pri:0, instance:com.saikumar.testng.CarLoan@6d4e5011]" name="APILoginCarLoan" class="com.saikumar.testng.CarLoan"/>
      </group> <!-- SmokeTest -->
    </groups>
    <test started-at="2023-03-31T17:53:50 IST" name="Test" finished-at="2023-03-31T17:53:50 IST" duration-ms="126">
      <class name="com.saikumar.testng.CarLoan">
        <test-method signature="APILoginCarLoan()[pri:0, instance:com.saikumar.testng.CarLoan@6d4e5011]" started-at="2023-03-31T17:53:50 IST" name="APILoginCarLoan" finished-at="2023-03-31T17:53:50 IST" duration-ms="20" status="PASS">
          <reporter-output>
          </reporter-output>
        </test-method> <!-- APILoginCarLoan -->
      </class> <!-- com.saikumar.testng.CarLoan -->
    </test> <!-- Test -->
  </suite> <!-- Suite -->
</testng-results>
